Using pre-set license

 COMMAND LINE ARGUMENTS:
/Applications/Unity/Hub/Editor/2020.3.4f1/Unity.app/Contents/MacOS/Unity
-adb2
-batchMode
-noUpm
-name
AssetImportWorker1
-projectPath
/Users/abhishek/SandBallsTry
-logFile
Logs/AssetImportWorker1.log
-srvPort
50251
Successfully changed project path to: /Users/abhishek/SandBallsTry
/Users/abhishek/SandBallsTry
Using Asset Import Pipeline V2.
Refreshing native plugins compatible for Editor in 112.85 ms, found 1 plugins.
Preloading 0 native plugins for Editor in 0.00 ms.
Initialize engine version: 2020.3.4f1 (0abb6314276a)
[Subsystems] Discovering subsystems at path /Applications/Unity/Hub/Editor/2020.3.4f1/Unity.app/Contents/Resources/UnitySubsystems
[Subsystems] Discovering subsystems at path /Users/abhishek/SandBallsTry/Assets
GfxDevice: creating device client; threaded=0
2021-08-22 18:27:03.157 Unity[1535:78647] iMac preferred device: Intel(R) Iris(TM) Pro Graphics 6200 (low power)
2021-08-22 18:27:03.157 Unity[1535:78647] Metal devices available: 1
2021-08-22 18:27:03.157 Unity[1535:78647] 0: Intel(R) Iris(TM) Pro Graphics 6200 (low power)
2021-08-22 18:27:03.210 Unity[1535:78647] Using device Intel(R) Iris(TM) Pro Graphics 6200 (low power)
Initializing Metal device caps: Intel(R) Iris(TM) Pro Graphics 6200
Initialize mono
Mono path[0] = '/Applications/Unity/Hub/Editor/2020.3.4f1/Unity.app/Contents/Managed'
Mono path[1] = '/Applications/Unity/Hub/Editor/2020.3.4f1/Unity.app/Contents/MonoBleedingEdge/lib/mono/unityjit'
Mono config path = '/Applications/Unity/Hub/Editor/2020.3.4f1/Unity.app/Contents/MonoBleedingEdge/etc'
Using monoOptions --debugger-agent=transport=dt_socket,embedding=1,server=y,suspend=n,address=127.0.0.1:56535
Begin MonoManager ReloadAssembly
Registering precompiled unity dll's ...
Register platform support module: /Applications/Unity/Hub/Editor/2020.3.4f1/Unity.app/Contents/PlaybackEngines/MacStandaloneSupport/UnityEditor.OSXStandalone.Extensions.dll
Registered in 0.052059 seconds.
Native extension for OSXStandalone target not found
Refreshing native plugins compatible for Editor in 39.46 ms, found 1 plugins.
Preloading 0 native plugins for Editor in 0.00 ms.
Mono: successfully reloaded assembly
- Completed reload, in 18.003 seconds
Platform modules already initialized, skipping
Registering precompiled user dll's ...
Registered in 0.052452 seconds.
